2024-05-21 13:28:07,WARNING: System started
2024-05-21 22:38:31,INFO: Disk sp123ull
2024-05-21 13:07:43,INFO: System started
2024-05-21 20:20:54,WARNING: System started
2024-05-21 13:04:53,DEBUG: Disk space f123
2024-05-21 14:53:16,ERROR: Failed to load module
2024-05-21 17:07:24,ERROR: System started
2024-05-21 21:18:54,INFO: System shutting down
2024-05-21 11:17:09,DEBUG: Configuration updated
2024-05-21 12:41:50,INFO: Failed to load module
2024-05-21 10:22:24,DEBUG: System shutting down
2024-05-21 14:50:47,INFO: Failed to load module
2024-05-21 19:53:37,ERROR: System started
2024-05-21 22:03:42,ERROR: Resource usage high
2024-05-21 21:30:25,WARNING: Initializing process
2024-05-21 11:51:27,WARNING: Initializing process
2024-05-21 14:44:52,WARNING: Disk space full
2024-05-21 22:28:39,WARNING: System shutting down
2024-05-21 16:19:21,INFO: System restarted
2024-05-21 19:28:25,WARNING: System shutting down
2024-05-21 14:26:12,DEBUG: Failed to load module
2024-05-21 22:09:17,ERROR: Connection timed out
2024-05-21 17:47:50,INFO: Connection timed out
2024-05-21 20:52:14,INFO: System shutting down
2024-05-21 18:51:55,DEBUG: Disk sp123ull
2024-05-21 20:36:56,INFO: Disk sp123ull
2024-05-21 10:04:25,WARNING: Disk space full
2024-05-21 18:38:03,ERROR: Disk sp123ull
2024-05-21 16:31:55,WARNING: Disk space full
2024-05-21 22:19:46,ERROR: Failed to load module
2024-05-21 17:03:41,WARNING: Disk space f123
2024-05-21 23:15:20,ERROR: Disk space f123
2024-05-21 20:50:45,DEBUG: Disk space f123
2024-05-21 13:08:40,WARNING: Disk space full
2024-05-21 10:29:56,DEBUG: Disk space f123
2024-05-21 14:07:19,DEBUG: Connection timed out
2024-05-21 20:08:34,DEBUG: Failed to load module
2024-05-21 16:52:55,DEBUG: Resource usage high
2024-05-21 10:30:23,DEBUG: Disk sp123ull
2024-05-21 18:31:44,DEBUG: Disk sp123ull
2024-05-21 18:41:19,WARNING: Disk space full
2024-05-21 22:44:49,DEBUG: Process completed successfully
2024-05-21 12:02:36,DEBUG: System shutting down
2024-05-21 22:37:33,INFO: Failed to load module
2024-05-21 16:56:18,DEBUG: Disk sp123ull
2024-05-21 20:08:11,INFO: Connection timed out
2024-05-21 15:29:48,DEBUG: Disk space full
2024-05-21 14:31:57,DEBUG: System started
2024-05-21 11:46:55,DEBUG: Disk space f123
2024-05-21 22:11:13,DEBUG: System started
2024-05-21 22:15:45,DEBUG: Failed to load module
2024-05-21 12:17:01,WARNING: System started
2024-05-21 11:31:25,ERROR: Resource usage high
2024-05-21 12:03:26,DEBUG: Disk space full
2024-05-21 12:08:39,WARNING: Resource usage high
2024-05-21 17:43:01,WARNING: Configuration updated
2024-05-21 19:42:35,WARNING: Failed to load module
2024-05-21 22:10:37,WARNING: Disk sp123ull
2024-05-21 23:31:03,DEBUG: Initializing process
2024-05-21 19:11:20,DEBUG: Disk space f123
2024-05-21 21:10:08,WARNING: Resource usage high
2024-05-21 11:47:52,ERROR: Process completed successfully
2024-05-21 19:38:23,WARNING: System shutting down
2024-05-21 22:47:45,ERROR: Process completed successfully
2024-05-21 13:00:57,ERROR: Initializing process
2024-05-21 21:49:15,ERROR: Resource usage high
2024-05-21 23:10:43,ERROR: Disk space full
2024-05-21 14:32:27,DEBUG: Process completed successfully
2024-05-21 11:00:45,WARNING: Connection timed out
2024-05-21 16:23:47,WARNING: Resource usage high
2024-05-21 19:17:29,WARNING: Resource usage high
2024-05-21 14:00:21,ERROR: Disk space f123
2024-05-21 20:38:55,WARNING: System restarted
2024-05-21 16:08:51,DEBUG: Failed to load module
2024-05-21 16:29:52,INFO: Resource usage high
2024-05-21 15:37:40,WARNING: Configuration updated
2024-05-21 19:17:25,ERROR: Process completed successfully
2024-05-21 18:08:08,ERROR: Configuration updated
2024-05-21 23:53:03,INFO: Disk sp123ull
2024-05-21 15:49:43,WARNING: Disk space full
2024-05-21 17:47:55,WARNING: Connection timed out
2024-05-21 15:09:33,DEBUG: System started
2024-05-21 10:25:47,ERROR: Configuration updated
2024-05-21 14:34:55,INFO: System restarted
2024-05-21 20:16:58,WARNING: Disk space full
2024-05-21 16:12:53,DEBUG: Disk sp123ull
2024-05-21 19:42:27,INFO: Process completed successfully
2024-05-21 21:38:51,INFO: Disk sp123ull
2024-05-21 19:07:28,DEBUG: System restarted
2024-05-21 10:52:01,ERROR: Disk sp123ull
2024-05-21 13:57:37,INFO: Connection timed out
2024-05-21 18:13:50,WARNING: Disk space f123
2024-05-21 21:40:06,ERROR: System shutting down
2024-05-21 23:42:05,WARNING: Connection timed out
2024-05-21 16:07:19,INFO: Disk space full
2024-05-21 19:59:58,ERROR: Configuration updated
2024-05-21 23:53:21,WARNING: Configuration updated
2024-05-21 11:47:10,WARNING: Disk space full
2024-05-21 22:19:22,ERROR: Disk space full
2024-05-21 16:26:07,DEBUG: System started
2024-05-21 21:47:59,WARNING: Process completed successfully
2024-05-21 15:22:32,WARNING: Disk sp123ull
2024-05-21 11:46:37,ERROR: Disk space full
2024-05-21 16:01:55,DEBUG: Initializing process
2024-05-21 18:22:44,INFO: Initializing process
2024-05-21 16:02:34,ERROR: Disk space full
2024-05-21 14:58:56,DEBUG: Configuration updated
2024-05-21 22:58:26,WARNING: Disk space full
2024-05-21 17:05:37,DEBUG: Resource usage high
2024-05-21 15:33:20,WARNING: Disk space f123
2024-05-21 13:40:26,ERROR: System restarted
2024-05-21 23:17:10,WARNING: Connection timed out
2024-05-21 22:05:19,INFO: Initializing process
2024-05-21 12:06:56,ERROR: Failed to load module
2024-05-21 16:15:16,INFO: Connection timed out
2024-05-21 23:09:39,DEBUG: Failed to load module
2024-05-21 16:46:47,INFO: Disk space f123
2024-05-21 22:18:03,WARNING: Process completed successfully
2024-05-21 17:46:59,WARNING: Resource usage high
2024-05-21 22:17:05,INFO: Initializing process
2024-05-21 12:28:15,INFO: Disk space full
2024-05-21 19:55:54,DEBUG: System restarted
2024-05-21 20:11:32,WARNING: Connection timed out
2024-05-21 15:24:22,INFO: Disk sp123ull
2024-05-21 23:34:37,DEBUG: Disk sp123ull
2024-05-21 10:02:31,INFO: Process completed successfully
2024-05-21 19:04:08,INFO: Disk sp123ull
2024-05-21 23:16:36,DEBUG: Configuration updated
2024-05-21 16:31:00,INFO: Configuration updated
2024-05-21 23:21:23,DEBUG: System shutting down
2024-05-21 21:14:42,WARNING: Disk space f123
2024-05-21 18:45:58,WARNING: Initializing process
2024-05-21 21:35:32,WARNING: System restarted
2024-05-21 10:50:50,ERROR: System shutting down
2024-05-21 22:44:13,ERROR: Initializing process
2024-05-21 13:45:00,ERROR: System restarted
2024-05-21 17:20:29,INFO: Connection timed out
2024-05-21 12:10:12,ERROR: System started
2024-05-21 23:03:22,ERROR: Disk sp123ull
2024-05-21 10:08:48,ERROR: System restarted
2024-05-21 20:13:45,DEBUG: System shutting down
2024-05-21 18:09:22,ERROR: System restarted
2024-05-21 16:43:09,INFO: Resource usage high
2024-05-21 22:31:19,WARNING: Connection timed out
2024-05-21 12:21:00,DEBUG: Disk space f123
2024-05-21 10:01:31,ERROR: Disk sp123ull
2024-05-21 16:08:22,DEBUG: System shutting down
2024-05-21 23:38:03,DEBUG: Resource usage high
2024-05-21 18:13:41,INFO: Disk space full
2024-05-21 18:09:07,INFO: Configuration updated
2024-05-21 18:10:57,INFO: Disk space f123
2024-05-21 20:24:29,WARNING: Resource usage high
2024-05-21 10:34:45,INFO: Disk space full
2024-05-21 23:02:52,WARNING: Configuration updated
2024-05-21 22:03:22,INFO: Initializing process
2024-05-21 15:48:05,DEBUG: System restarted
2024-05-21 13:23:06,INFO: System restarted
2024-05-21 16:55:32,WARNING: Disk space full
2024-05-21 21:58:16,DEBUG: Disk space full
2024-05-21 21:59:28,INFO: Disk space f123
2024-05-21 22:47:14,ERROR: Disk space full
2024-05-21 12:14:03,ERROR: Process completed successfully
2024-05-21 17:07:56,ERROR: System restarted
2024-05-21 16:08:11,ERROR: Disk space f123
2024-05-21 22:33:56,ERROR: System shutting down
2024-05-21 12:22:17,ERROR: Process completed successfully
2024-05-21 15:29:12,DEBUG: System restarted
2024-05-21 18:43:44,INFO: Disk space f123
2024-05-21 15:32:34,DEBUG: Connection timed out
2024-05-21 14:12:26,WARNING: Connection timed out
2024-05-21 12:43:46,INFO: Configuration updated
2024-05-21 14:46:41,INFO: Failed to load module
2024-05-21 10:38:18,WARNING: Disk space full
2024-05-21 19:01:21,WARNING: Connection timed out
2024-05-21 23:53:07,WARNING: System restarted
2024-05-21 16:06:28,DEBUG: Resource usage high
2024-05-21 21:15:55,ERROR: Disk space full
2024-05-21 19:27:52,INFO: Process completed successfully
2024-05-21 20:37:40,INFO: System started
2024-05-21 10:04:30,INFO: System restarted
2024-05-21 10:03:58,INFO: Disk sp123ull
2024-05-21 23:08:38,INFO: Disk sp123ull
2024-05-21 12:13:29,DEBUG: System restarted
2024-05-21 15:55:57,INFO: Disk space full
2024-05-21 22:33:03,WARNING: Disk space full
2024-05-21 10:14:10,INFO: System started
2024-05-21 13:30:10,ERROR: System started
2024-05-21 22:39:43,WARNING: System started
2024-05-21 23:00:59,INFO: Resource usage high
2024-05-21 22:21:00,WARNING: System started
2024-05-21 22:13:50,WARNING: Disk sp123ull
2024-05-21 18:52:33,WARNING: Failed to load module
2024-05-21 15:25:13,INFO: Configuration updated
2024-05-21 23:14:14,DEBUG: System shutting down
2024-05-21 22:15:06,WARNING: Disk sp123ull
2024-05-21 20:55:19,WARNING: Disk space full
2024-05-21 22:12:27,WARNING: Disk space full
2024-05-21 18:25:36,ERROR: Configuration updated
2024-05-21 23:42:58,INFO: Resource usage high
2024-05-21 17:49:58,INFO: Resource usage high
2024-05-21 19:52:06,DEBUG: Disk space f123
2024-05-21 13:51:18,ERROR: System started
2024-05-21 12:18:37,ERROR: Resource usage high
2024-05-21 11:24:55,INFO: Disk space full
2024-05-21 11:16:06,INFO: System started
2024-05-21 11:05:17,WARNING: System started
2024-05-21 14:40:00,INFO: System restarted
2024-05-21 18:00:57,WARNING: Disk space full
2024-05-21 22:08:13,DEBUG: Disk space full
2024-05-21 18:15:22,INFO: Failed to load module
2024-05-21 16:12:38,ERROR: Resource usage high
2024-05-21 21:22:30,INFO: System restarted
2024-05-21 21:56:34,WARNING: System shutting down
2024-05-21 14:20:50,WARNING: Connection timed out
2024-05-21 19:46:39,ERROR: Disk sp123ull
2024-05-21 16:15:01,WARNING: Process completed successfully
2024-05-21 16:41:52,DEBUG: System started
2024-05-21 12:39:39,WARNING: Connection timed out
2024-05-21 17:19:29,WARNING: Resource usage high
2024-05-21 12:52:48,DEBUG: Disk sp123ull
2024-05-21 11:48:00,DEBUG: System restarted
2024-05-21 10:52:36,DEBUG: Resource usage high
2024-05-21 12:59:17,WARNING: Failed to load module
2024-05-21 14:58:59,INFO: Disk space f123
2024-05-21 12:20:50,ERROR: Disk space f123
2024-05-21 20:03:58,DEBUG: Configuration updated
2024-05-21 15:43:59,WARNING: Disk space f123
2024-05-21 20:07:59,WARNING: Disk space full
2024-05-21 21:35:30,DEBUG: Disk sp123ull
2024-05-21 10:33:42,ERROR: Process completed successfully
2024-05-21 15:58:56,DEBUG: Disk space f123
2024-05-21 23:50:17,WARNING: Initializing process
2024-05-21 11:24:57,ERROR: System shutting down
2024-05-21 18:37:48,INFO: Connection timed out
2024-05-21 11:59:38,INFO: Failed to load module
2024-05-21 22:28:29,DEBUG: Failed to load module
2024-05-21 13:44:30,INFO: Disk space f123
2024-05-21 11:26:31,DEBUG: Disk space full
2024-05-21 10:35:19,ERROR: Resource usage high
2024-05-21 15:26:11,INFO: Process completed successfully
2024-05-21 11:43:36,WARNING: Configuration updated
2024-05-21 20:53:14,WARNING: Configuration updated
2024-05-21 19:11:31,WARNING: Process completed successfully
2024-05-21 16:05:30,INFO: Disk space full
2024-05-21 13:10:37,DEBUG: System shutting down
2024-05-21 10:41:43,WARNING: Disk space f123
2024-05-21 22:55:26,INFO: Configuration updated
2024-05-21 19:12:47,DEBUG: Process completed successfully
2024-05-21 15:34:46,DEBUG: Initializing process
2024-05-21 16:43:38,INFO: Disk space f123
2024-05-21 14:32:42,WARNING: Configuration updated
2024-05-21 15:41:23,WARNING: System shutting down
2024-05-21 21:54:30,ERROR: Failed to load module
2024-05-21 17:56:33,ERROR: Connection timed out
2024-05-21 15:17:42,INFO: Initializing process
2024-05-21 11:33:40,ERROR: Connection timed out
2024-05-21 19:25:04,ERROR: Failed to load module
2024-05-21 13:46:20,INFO: Disk space f123
2024-05-21 22:02:16,WARNING: Configuration updated
2024-05-21 16:41:52,INFO: Initializing process
2024-05-21 16:56:35,WARNING: Disk sp123ull
2024-05-21 15:22:02,INFO: System shutting down
2024-05-21 12:41:31,INFO: Connection timed out
2024-05-21 15:46:08,INFO: System started
2024-05-21 20:13:54,INFO: System started
2024-05-21 17:27:34,DEBUG: Disk sp123ull
2024-05-21 11:31:03,WARNING: Disk sp123ull
2024-05-21 22:54:43,INFO: Disk space f123
2024-05-21 15:55:02,INFO: Disk sp123ull
2024-05-21 19:03:31,WARNING: System restarted
2024-05-21 22:40:30,WARNING: Process completed successfully
2024-05-21 20:39:35,ERROR: Initializing process
2024-05-21 10:16:59,DEBUG: Resource usage high
2024-05-21 15:36:44,WARNING: Disk sp123ull
2024-05-21 16:06:32,ERROR: Disk space full
2024-05-21 16:34:07,WARNING: Failed to load module
2024-05-21 12:43:41,WARNING: System started
2024-05-21 18:06:56,DEBUG: Configuration updated
2024-05-21 23:19:38,WARNING: Resource usage high
2024-05-21 20:07:37,WARNING: Resource usage high
2024-05-21 19:57:58,WARNING: Disk sp123ull
2024-05-21 14:06:59,DEBUG: System shutting down
2024-05-21 22:02:01,ERROR: Disk space full
2024-05-21 10:15:51,INFO: Disk space full
2024-05-21 10:19:06,INFO: Disk sp123ull
2024-05-21 20:28:19,WARNING: Resource usage high
2024-05-21 20:00:08,ERROR: Disk space full
2024-05-21 12:53:10,INFO: Disk sp123ull
2024-05-21 12:47:33,DEBUG: System restarted
2024-05-21 19:57:38,ERROR: System restarted
2024-05-21 20:21:57,ERROR: System started
2024-05-21 22:30:19,ERROR: System started
2024-05-21 22:11:45,ERROR: System started
2024-05-21 12:00:50,ERROR: System restarted
2024-05-21 17:17:23,INFO: System shutting down
2024-05-21 20:39:24,WARNING: Connection timed out
2024-05-21 23:03:08,INFO: Configuration updated
2024-05-21 21:45:24,DEBUG: Failed to load module
2024-05-21 13:10:54,WARNING: Configuration updated
2024-05-21 19:26:48,ERROR: Disk space f123
2024-05-21 14:56:10,DEBUG: Failed to load module
2024-05-21 21:26:18,WARNING: Connection timed out
2024-05-21 14:09:31,DEBUG: Failed to load module
2024-05-21 18:36:48,WARNING: System shutting down
2024-05-21 18:48:24,WARNING: System restarted
2024-05-21 11:37:01,ERROR: Failed to load module
2024-05-21 22:03:10,WARNING: Disk space f123
2024-05-21 13:23:09,WARNING: Connection timed out
2024-05-21 19:13:54,INFO: Configuration updated
2024-05-21 17:24:57,WARNING: Resource usage high
2024-05-21 21:51:29,DEBUG: Resource usage high
2024-05-21 22:01:05,WARNING: Disk space full
2024-05-21 10:17:50,INFO: Disk space f123
2024-05-21 12:53:32,INFO: Disk space full
2024-05-21 15:55:07,WARNING: System shutting down
2024-05-21 22:12:10,ERROR: System restarted
2024-05-21 20:28:48,DEBUG: Initializing process
2024-05-21 22:23:10,INFO: Configuration updated
2024-05-21 14:05:21,ERROR: System shutting down
2024-05-21 17:47:29,ERROR: System started
2024-05-21 17:09:12,WARNING: Failed to load module
2024-05-21 16:08:22,WARNING: System started
2024-05-21 15:07:16,ERROR: Failed to load module
2024-05-21 11:46:58,ERROR: System shutting down
2024-05-21 10:47:49,WARNING: Disk sp123ull
2024-05-21 19:15:48,WARNING: System restarted
2024-05-21 16:09:09,INFO: Disk sp123ull
2024-05-21 10:01:49,WARNING: Configuration updated
2024-05-21 14:03:03,ERROR: Disk sp123ull
2024-05-21 13:27:32,WARNING: Failed to load module
2024-05-21 18:28:26,INFO: Disk space full
2024-05-21 13:18:47,DEBUG: Process completed successfully
2024-05-21 23:19:28,INFO: Resource usage high
2024-05-21 20:24:29,INFO: System started
2024-05-21 13:32:47,WARNING: Resource usage high
2024-05-21 11:58:56,WARNING: Disk sp123ull
2024-05-21 12:41:11,WARNING: Process completed successfully
2024-05-21 10:36:45,INFO: Connection timed out
2024-05-21 11:05:27,DEBUG: Connection timed out
2024-05-21 21:42:09,INFO: Failed to load module
2024-05-21 22:37:32,WARNING: Connection timed out
2024-05-21 13:37:27,ERROR: Process completed successfully
2024-05-21 10:35:58,DEBUG: Disk space full
2024-05-21 14:21:49,ERROR: Resource usage high
2024-05-21 20:22:23,ERROR: Failed to load module
2024-05-21 14:13:12,ERROR: System restarted
2024-05-21 10:08:22,WARNING: Configuration updated
2024-05-21 11:21:22,DEBUG: System started
2024-05-21 23:44:20,INFO: System restarted
2024-05-21 19:31:20,ERROR: System restarted
2024-05-21 20:58:45,WARNING: Failed to load module
2024-05-21 15:33:31,DEBUG: Configuration updated
2024-05-21 18:39:33,DEBUG: Process completed successfully
2024-05-21 10:56:54,WARNING: Resource usage high
2024-05-21 14:08:43,INFO: Disk sp123ull
2024-05-21 13:45:50,ERROR: Disk space f123
2024-05-21 14:07:30,WARNING: System started
2024-05-21 17:54:54,INFO: Resource usage high
2024-05-21 11:34:20,ERROR: Process completed successfully
2024-05-21 23:08:02,DEBUG: Resource usage high
2024-05-21 15:40:05,ERROR: Initializing process
2024-05-21 17:36:56,INFO: Connection timed out
2024-05-21 12:18:08,INFO: Process completed successfully
2024-05-21 13:01:31,WARNING: Disk space full
2024-05-21 22:56:44,WARNING: Disk sp123ull
2024-05-21 11:21:47,DEBUG: Configuration updated
2024-05-21 10:31:20,WARNING: Failed to load module
2024-05-21 19:49:30,DEBUG: System started
2024-05-21 11:56:21,WARNING: Disk space f123
2024-05-21 14:36:46,DEBUG: Failed to load module
2024-05-21 11:22:36,INFO: Disk space f123
2024-05-21 21:34:18,DEBUG: System started
2024-05-21 13:04:52,WARNING: Resource usage high
2024-05-21 14:12:43,WARNING: Initializing process
2024-05-21 17:11:34,ERROR: Disk sp123ull
2024-05-21 17:41:50,DEBUG: Connection timed out
2024-05-21 16:18:48,ERROR: System shutting down
2024-05-21 17:01:06,DEBUG: Connection timed out
2024-05-21 17:14:04,INFO: Connection timed out
2024-05-21 22:58:06,ERROR: Disk space f123
2024-05-21 20:55:22,DEBUG: Configuration updated
2024-05-21 22:49:00,DEBUG: System started
2024-05-21 19:38:07,ERROR: Failed to load module
2024-05-21 23:59:39,ERROR: Process completed successfully
2024-05-21 12:45:46,ERROR: Failed to load module
2024-05-21 16:34:45,INFO: Configuration updated
2024-05-21 13:37:13,ERROR: Failed to load module
2024-05-21 19:40:01,INFO: System started
2024-05-21 10:06:04,INFO: Disk space f123
2024-05-21 10:25:51,ERROR: Initializing process
2024-05-21 18:12:45,DEBUG: System started
2024-05-21 13:45:20,WARNING: Failed to load module
2024-05-21 23:24:40,ERROR: Failed to load module
2024-05-21 22:58:04,DEBUG: Connection timed out
2024-05-21 20:26:40,INFO: System restarted
2024-05-21 21:31:10,WARNING: Disk sp123ull
2024-05-21 10:01:25,INFO: System started
2024-05-21 10:01:03,ERROR: Resource usage high
2024-05-21 21:37:17,DEBUG: Disk sp123ull
2024-05-21 11:44:47,WARNING: Process completed successfully
2024-05-21 15:58:09,ERROR: System restarted
2024-05-21 23:52:35,ERROR: Resource usage high
2024-05-21 16:24:53,ERROR: Disk sp123ull
2024-05-21 18:18:37,INFO: Initializing process
2024-05-21 21:25:11,ERROR: System restarted
2024-05-21 20:22:38,DEBUG: Resource usage high
2024-05-21 11:42:05,ERROR: Failed to load module
2024-05-21 14:28:31,INFO: System started
2024-05-21 11:27:05,WARNING: System shutting down
2024-05-21 15:13:14,ERROR: System started
2024-05-21 11:15:42,DEBUG: System started
2024-05-21 14:26:04,ERROR: Disk space f123
2024-05-21 19:41:44,WARNING: Failed to load module
2024-05-21 21:37:37,DEBUG: Process completed successfully
2024-05-21 22:42:09,INFO: Disk sp123ull
2024-05-21 10:32:14,WARNING: Process completed successfully
2024-05-21 13:20:23,WARNING: System started
2024-05-21 17:41:06,ERROR: Configuration updated
2024-05-21 18:45:47,ERROR: System started
2024-05-21 23:11:09,DEBUG: Connection timed out
2024-05-21 19:20:26,DEBUG: Configuration updated
2024-05-21 11:02:12,DEBUG: Disk sp123ull
2024-05-21 22:06:57,WARNING: Connection timed out
2024-05-21 20:26:12,INFO: System started
2024-05-21 22:21:57,INFO: Disk space full
2024-05-21 15:30:20,DEBUG: System restarted
2024-05-21 14:54:37,ERROR: System shutting down
2024-05-21 10:59:05,DEBUG: System started
2024-05-21 15:13:16,INFO: System started
2024-05-21 10:23:54,INFO: Initializing process
2024-05-21 13:42:53,WARNING: System shutting down
2024-05-21 14:40:46,INFO: Disk space full
2024-05-21 10:43:53,DEBUG: System shutting down
2024-05-21 17:34:48,WARNING: Initializing process
2024-05-21 19:34:58,DEBUG: System shutting down
2024-05-21 17:59:28,ERROR: System shutting down
2024-05-21 15:14:23,WARNING: Process completed successfully
2024-05-21 15:33:32,ERROR: Process completed successfully
2024-05-21 13:48:02,DEBUG: Failed to load module
2024-05-21 21:00:11,DEBUG: Process completed successfully
2024-05-21 16:50:28,DEBUG: Configuration updated
2024-05-21 15:15:43,ERROR: Disk space f123
2024-05-21 13:00:07,DEBUG: Configuration updated
2024-05-21 23:27:30,WARNING: Disk space full
2024-05-21 23:20:25,INFO: Disk space full
2024-05-21 12:22:05,INFO: Disk sp123ull
2024-05-21 15:35:55,WARNING: Initializing process
2024-05-21 20:08:30,DEBUG: Connection timed out
2024-05-21 20:17:36,INFO: Disk space f123
2024-05-21 18:45:30,ERROR: Failed to load module
2024-05-21 14:38:02,DEBUG: Disk space f123
2024-05-21 18:28:43,INFO: System started
2024-05-21 16:12:56,WARNING: Resource usage high
2024-05-21 14:38:22,ERROR: Resource usage high
2024-05-21 23:00:17,WARNING: Resource usage high
2024-05-21 21:53:28,DEBUG: System shutting down
2024-05-21 18:23:34,DEBUG: Connection timed out
2024-05-21 15:57:08,ERROR: Disk space f123
2024-05-21 12:03:37,INFO: System started
2024-05-21 17:21:08,WARNING: Failed to load module
2024-05-21 15:08:39,INFO: Connection timed out
2024-05-21 21:04:53,ERROR: Disk sp123ull
2024-05-21 18:38:31,ERROR: Failed to load module
2024-05-21 21:56:28,INFO: System restarted
2024-05-21 15:44:12,INFO: Failed to load module
2024-05-21 12:09:41,DEBUG: Disk sp123ull
2024-05-21 15:56:14,WARNING: Failed to load module
2024-05-21 18:27:39,INFO: System shutting down
2024-05-21 21:18:02,INFO: Resource usage high
2024-05-21 15:17:56,DEBUG: Disk sp123ull
2024-05-21 12:36:59,ERROR: System shutting down
2024-05-21 17:08:21,ERROR: Process completed successfully
2024-05-21 23:58:42,ERROR: Disk space full
2024-05-21 18:37:33,WARNING: System started
2024-05-21 11:34:42,ERROR: Failed to load module
2024-05-21 18:20:07,WARNING: Disk space f123
2024-05-21 16:05:10,ERROR: Disk space full
2024-05-21 21:49:31,WARNING: Disk sp123ull
2024-05-21 17:57:59,DEBUG: System shutting down
2024-05-21 18:53:05,WARNING: Disk sp123ull
2024-05-21 14:26:26,INFO: Failed to load module
2024-05-21 13:53:55,INFO: Disk space f123
2024-05-21 15:37:35,ERROR: System started
2024-05-21 13:55:48,WARNING: Connection timed out
2024-05-21 11:02:16,WARNING: Disk sp123ull
2024-05-21 20:41:01,WARNING: Connection timed out
2024-05-21 21:25:31,WARNING: System shutting down
2024-05-21 21:54:39,DEBUG: Failed to load module
2024-05-21 21:09:21,WARNING: Process completed successfully
2024-05-21 18:38:13,ERROR: System restarted
2024-05-21 15:11:16,ERROR: Process completed successfully
2024-05-21 21:19:34,WARNING: Disk space f123
2024-05-21 20:20:17,WARNING: Disk space full
2024-05-21 23:22:29,DEBUG: Connection timed out
2024-05-21 13:23:09,ERROR: Disk sp123ull
2024-05-21 13:21:57,WARNING: Process completed successfully
2024-05-21 11:32:15,INFO: Disk sp123ull
2024-05-21 10:01:28,WARNING: System restarted
2024-05-21 13:33:51,ERROR: Connection timed out
2024-05-21 15:40:19,ERROR: Configuration updated
2024-05-21 11:31:30,INFO: Initializing process
2024-05-21 10:10:21,DEBUG: Process completed successfully
2024-05-21 15:11:10,ERROR: Connection timed out
2024-05-21 11:49:42,DEBUG: Disk space full
2024-05-21 18:57:41,ERROR: System restarted
2024-05-21 22:22:57,ERROR: Disk sp123ull
2024-05-21 12:50:32,DEBUG: Resource usage high
2024-05-21 14:00:52,DEBUG: System restarted
2024-05-21 14:00:46,INFO: System started
2024-05-21 21:26:06,INFO: Disk space f123
2024-05-21 17:18:47,INFO: Configuration updated
2024-05-21 12:34:57,WARNING: System started
2024-05-21 18:09:48,INFO: Connection timed out
2024-05-21 19:38:42,WARNING: Initializing process
2024-05-21 23:07:03,WARNING: Disk space full
2024-05-21 17:13:35,ERROR: System shutting down
2024-05-21 14:35:28,INFO: System restarted
2024-05-21 15:00:03,DEBUG: Initializing process
2024-05-21 20:35:49,DEBUG: Resource usage high
2024-05-21 20:33:24,DEBUG: Disk space full
2024-05-21 14:22:43,WARNING: System shutting down
2024-05-21 22:58:59,INFO: Disk space full
2024-05-21 12:13:01,ERROR: Initializing process
2024-05-21 22:22:32,INFO: Disk sp123ull
2024-05-21 19:34:57,INFO: Failed to load module
2024-05-21 23:34:42,DEBUG: Process completed successfully
2024-05-21 18:57:21,ERROR: Configuration updated
2024-05-21 23:29:10,DEBUG: Disk space full
2024-05-21 22:48:05,DEBUG: Disk space full
2024-05-21 11:35:16,DEBUG: Disk space full
2024-05-21 22:56:20,ERROR: Initializing process
2024-05-21 17:05:05,DEBUG: System shutting down
2024-05-21 18:16:36,INFO: System started
2024-05-21 22:46:10,INFO: Disk sp123ull
2024-05-21 10:01:17,INFO: System started
2024-05-21 20:34:54,WARNING: System restarted
2024-05-21 15:52:48,WARNING: System shutting down
2024-05-21 16:52:53,INFO: System started
2024-05-21 17:25:15,WARNING: Configuration updated
2024-05-21 18:35:20,DEBUG: System shutting down
2024-05-21 22:01:26,INFO: Failed to load module
2024-05-21 14:52:24,DEBUG: System started
2024-05-21 18:09:08,DEBUG: Disk space f123
2024-05-21 23:42:09,DEBUG: Failed to load module
2024-05-21 12:36:59,DEBUG: Disk space full
2024-05-21 13:56:32,DEBUG: Disk space full
2024-05-21 16:07:05,DEBUG: Configuration updated
2024-05-21 23:46:56,ERROR: Disk sp123ull
2024-05-21 18:49:31,INFO: Configuration updated
2024-05-21 21:07:05,ERROR: System started
2024-05-21 20:02:15,DEBUG: Disk sp123ull
2024-05-21 11:58:46,INFO: System restarted
2024-05-21 11:07:27,ERROR: Process completed successfully
2024-05-21 22:14:26,DEBUG: Failed to load module
2024-05-21 16:21:26,INFO: Disk space full
2024-05-21 17:26:07,DEBUG: Process completed successfully
2024-05-21 20:23:57,INFO: System started
2024-05-21 22:47:22,ERROR: System shutting down
2024-05-21 22:26:48,WARNING: Disk space f123
2024-05-21 21:45:15,DEBUG: System shutting down
2024-05-21 21:57:10,DEBUG: Failed to load module
2024-05-21 18:10:16,ERROR: Configuration updated
2024-05-21 12:54:24,WARNING: Resource usage high
2024-05-21 11:58:27,INFO: Failed to load module
2024-05-21 16:44:40,INFO: Process completed successfully
2024-05-21 21:23:14,WARNING: Disk space f123
2024-05-21 17:31:31,ERROR: System restarted
2024-05-21 22:43:56,INFO: Configuration updated
2024-05-21 21:57:56,DEBUG: Process completed successfully
2024-05-21 20:16:19,INFO: Disk space f123
2024-05-21 20:03:37,WARNING: Resource usage high
2024-05-21 17:15:38,INFO: Process completed successfully
2024-05-21 12:16:27,INFO: Failed to load module
2024-05-21 21:47:50,ERROR: Connection timed out
2024-05-21 10:57:08,ERROR: Configuration updated
2024-05-21 15:28:27,DEBUG: Disk space full
2024-05-21 21:23:49,DEBUG: Connection timed out
2024-05-21 12:19:22,INFO: System started
2024-05-21 16:24:33,ERROR: Disk space f123
2024-05-21 22:31:12,WARNING: Disk space full
2024-05-21 13:34:21,INFO: Configuration updated
2024-05-21 18:37:12,INFO: Disk sp123ull
2024-05-21 13:41:04,DEBUG: Resource usage high
2024-05-21 23:51:48,DEBUG: Configuration updated
2024-05-21 12:25:47,ERROR: System started
2024-05-21 11:35:34,WARNING: Disk space full
2024-05-21 23:28:10,DEBUG: Connection timed out
2024-05-21 19:20:07,WARNING: System shutting down
2024-05-21 23:56:39,DEBUG: System restarted
2024-05-21 11:36:57,INFO: System shutting down
2024-05-21 15:22:34,DEBUG: Disk sp123ull
2024-05-21 16:39:31,ERROR: System started
2024-05-21 19:07:32,ERROR: Resource usage high
2024-05-21 18:55:18,WARNING: Process completed successfully
2024-05-21 22:09:42,WARNING: Configuration updated
2024-05-21 15:54:02,INFO: Resource usage high
2024-05-21 14:43:29,DEBUG: System restarted
2024-05-21 13:25:39,DEBUG: Process completed successfully
2024-05-21 11:22:43,WARNING: System started
2024-05-21 17:46:05,DEBUG: System started
2024-05-21 19:22:33,WARNING: Initializing process
2024-05-21 23:50:05,INFO: Disk space full
2024-05-21 22:26:39,DEBUG: System started
2024-05-21 14:25:07,INFO: System started
2024-05-21 13:55:38,WARNING: System shutting down
2024-05-21 16:33:05,WARNING: Process completed successfully
2024-05-21 11:49:28,WARNING: System shutting down
2024-05-21 16:39:01,INFO: Resource usage high
2024-05-21 12:17:02,ERROR: Disk space f123
2024-05-21 18:58:02,WARNING: Connection timed out
2024-05-21 14:27:52,ERROR: Process completed successfully
2024-05-21 10:42:26,DEBUG: Connection timed out
2024-05-21 23:35:16,DEBUG: Connection timed out
2024-05-21 11:58:29,ERROR: System shutting down
2024-05-21 20:09:16,INFO: Configuration updated
2024-05-21 23:21:13,ERROR: Configuration updated
2024-05-21 18:47:13,DEBUG: Disk sp123ull
2024-05-21 11:39:54,ERROR: Disk sp123ull
2024-05-21 12:56:38,WARNING: Disk space f123
2024-05-21 13:04:12,DEBUG: Process completed successfully
2024-05-21 19:58:18,ERROR: Failed to load module
2024-05-21 13:28:14,DEBUG: Disk space f123
2024-05-21 22:25:37,ERROR: System restarted
2024-05-21 21:27:25,WARNING: Connection timed out
2024-05-21 19:24:52,WARNING: Disk sp123ull
2024-05-21 23:33:34,INFO: Disk sp123ull
2024-05-21 11:28:32,ERROR: Failed to load module
2024-05-21 20:00:42,WARNING: Disk sp123ull
2024-05-21 18:21:03,ERROR: Process completed successfully
2024-05-21 15:38:32,WARNING: Failed to load module
2024-05-21 22:40:56,INFO: Disk space full
2024-05-21 10:55:59,WARNING: Configuration updated
2024-05-21 13:28:06,WARNING: Disk sp123ull
2024-05-21 13:06:10,DEBUG: Failed to load module
2024-05-21 18:15:44,ERROR: Resource usage high
2024-05-21 23:48:27,INFO: Failed to load module
2024-05-21 10:17:00,INFO: Process completed successfully
2024-05-21 18:47:58,ERROR: System shutting down
2024-05-21 13:06:20,ERROR: Disk space f123
2024-05-21 22:39:24,WARNING: Disk space f123
2024-05-21 12:39:39,ERROR: Failed to load module
2024-05-21 12:25:58,INFO: Process completed successfully
2024-05-21 23:41:17,WARNING: Resource usage high
2024-05-21 16:28:15,WARNING: System shutting down
2024-05-21 21:12:50,ERROR: Disk sp123ull
2024-05-21 12:20:14,INFO: System restarted
2024-05-21 11:22:18,DEBUG: Connection timed out
2024-05-21 11:54:41,DEBUG: Initializing process
2024-05-21 15:59:33,INFO: Initializing process
2024-05-21 20:48:10,DEBUG: Disk sp123ull
2024-05-21 20:08:06,INFO: Disk sp123ull
2024-05-21 11:41:14,INFO: System restarted
2024-05-21 11:04:50,INFO: Disk sp123ull
2024-05-21 20:16:19,ERROR: Disk sp123ull
2024-05-21 10:16:57,INFO: Initializing process
2024-05-21 18:05:03,DEBUG: System restarted
2024-05-21 12:10:01,WARNING: System restarted
2024-05-21 22:19:21,ERROR: Disk space full
2024-05-21 19:13:51,ERROR: Disk sp123ull
2024-05-21 18:09:00,DEBUG: Disk space f123
2024-05-21 21:48:15,DEBUG: Connection timed out
2024-05-21 15:41:33,ERROR: Initializing process
2024-05-21 18:05:37,WARNING: Disk space f123
2024-05-21 20:28:07,WARNING: Disk space full
2024-05-21 17:26:46,ERROR: System started
2024-05-21 20:27:26,DEBUG: Disk sp123ull
2024-05-21 11:00:23,WARNING: System started
2024-05-21 15:03:48,ERROR: Disk space full
2024-05-21 23:41:20,INFO: Resource usage high
2024-05-21 11:43:55,WARNING: Configuration updated
2024-05-21 15:54:50,INFO: System started
2024-05-21 14:10:08,WARNING: System shutting down
2024-05-21 15:46:48,WARNING: Connection timed out
2024-05-21 21:35:19,ERROR: Failed to load module
2024-05-21 15:12:45,WARNING: Disk space f123
2024-05-21 10:52:39,WARNING: Resource usage high
2024-05-21 10:15:08,WARNING: Connection timed out
2024-05-21 10:45:50,WARNING: Resource usage high
2024-05-21 11:56:42,WARNING: Disk sp123ull
2024-05-21 23:40:47,INFO: Connection timed out
2024-05-21 15:09:13,DEBUG: Initializing process
2024-05-21 21:26:08,DEBUG: Failed to load module
2024-05-21 22:20:35,ERROR: Disk sp123ull
2024-05-21 21:01:56,DEBUG: System started
2024-05-21 16:56:35,WARNING: Disk space full
2024-05-21 21:43:56,INFO: Process completed successfully
2024-05-21 11:38:29,ERROR: Disk space full
2024-05-21 22:46:06,INFO: Resource usage high
2024-05-21 15:27:12,DEBUG: Resource usage high
2024-05-21 12:56:03,WARNING: Connection timed out
2024-05-21 18:15:55,WARNING: System shutting down
2024-05-21 10:48:52,DEBUG: Configuration updated
2024-05-21 21:10:13,WARNING: Disk sp123ull
2024-05-21 22:49:10,WARNING: Disk space full
2024-05-21 22:05:53,INFO: Disk space full
2024-05-21 14:54:02,ERROR: Resource usage high
2024-05-21 10:47:25,DEBUG: System restarted
2024-05-21 12:19:45,WARNING: Configuration updated
2024-05-21 23:21:54,DEBUG: Disk sp123ull
2024-05-21 12:28:00,WARNING: Process completed successfully
2024-05-21 22:05:52,ERROR: System shutting down
2024-05-21 15:20:21,ERROR: System shutting down
2024-05-21 13:18:07,ERROR: Configuration updated
2024-05-21 11:53:43,WARNING: System shutting down
2024-05-21 21:17:54,INFO: Process completed successfully
2024-05-21 14:26:52,ERROR: Disk space f123
2024-05-21 21:15:10,WARNING: Disk sp123ull
2024-05-21 21:48:20,DEBUG: Disk space f123
2024-05-21 19:32:21,DEBUG: Failed to load module
2024-05-21 22:02:42,WARNING: Disk space full
2024-05-21 10:24:50,DEBUG: System started
2024-05-21 22:50:28,INFO: System started
2024-05-21 11:38:29,WARNING: Configuration updated
2024-05-21 14:06:58,WARNING: System started
2024-05-21 20:04:57,INFO: Resource usage high
2024-05-21 20:19:34,ERROR: Process completed successfully
2024-05-21 22:12:28,ERROR: Disk space f123
2024-05-21 22:46:33,INFO: System restarted
2024-05-21 15:57:42,ERROR: Initializing process
2024-05-21 23:44:47,INFO: Disk space full
2024-05-21 17:21:13,ERROR: System shutting down
2024-05-21 23:36:23,ERROR: Resource usage high
2024-05-21 16:01:43,INFO: System restarted
2024-05-21 13:26:04,DEBUG: Disk space f123
2024-05-21 23:44:03,INFO: Disk sp123ull
2024-05-21 10:57:28,ERROR: Disk space full
2024-05-21 13:07:12,WARNING: Failed to load module
2024-05-21 12:47:19,INFO: Configuration updated
2024-05-21 10:26:24,ERROR: System shutting down
2024-05-21 22:28:37,WARNING: Disk space full
2024-05-21 23:16:42,ERROR: Connection timed out
2024-05-21 21:23:45,ERROR: Connection timed out
2024-05-21 12:19:00,WARNING: Resource usage high
2024-05-21 14:40:19,ERROR: Failed to load module
2024-05-21 14:54:46,INFO: Failed to load module
2024-05-21 14:39:04,INFO: Disk space f123
2024-05-21 11:17:03,WARNING: System started
2024-05-21 20:11:41,DEBUG: Disk space f123
2024-05-21 19:31:22,WARNING: Configuration updated
2024-05-21 23:51:02,INFO: Disk sp123ull
2024-05-21 22:27:27,DEBUG: System shutting down
2024-05-21 14:34:38,ERROR: System shutting down
2024-05-21 17:09:31,DEBUG: Connection timed out
2024-05-21 12:09:05,ERROR: Initializing process
2024-05-21 21:48:01,WARNING: Disk sp123ull
2024-05-21 17:24:29,INFO: Failed to load module
2024-05-21 13:05:08,ERROR: Connection timed out
2024-05-21 17:50:40,INFO: Resource usage high
2024-05-21 14:23:32,DEBUG: Configuration updated
2024-05-21 18:31:15,WARNING: Disk space full
2024-05-21 20:08:11,INFO: System started
2024-05-21 10:20:13,WARNING: System shutting down
2024-05-21 15:05:23,INFO: System shutting down
2024-05-21 12:23:56,INFO: Initializing process
2024-05-21 21:45:45,INFO: Resource usage high
2024-05-21 18:34:23,ERROR: Connection timed out
2024-05-21 16:58:52,WARNING: Initializing process
2024-05-21 11:12:03,ERROR: System restarted
2024-05-21 18:35:04,INFO: Process completed successfully
2024-05-21 16:37:06,ERROR: Connection timed out
2024-05-21 18:26:58,DEBUG: Resource usage high
2024-05-21 11:03:08,DEBUG: Connection timed out
2024-05-21 19:14:05,WARNING: Disk sp123ull
2024-05-21 13:26:34,DEBUG: System started
2024-05-21 11:43:56,WARNING: Resource usage high
2024-05-21 22:53:15,WARNING: System restarted
2024-05-21 16:15:03,WARNING: System shutting down
2024-05-21 16:27:32,INFO: Disk sp123ull
2024-05-21 13:08:32,WARNING: Connection timed out
2024-05-21 18:42:49,INFO: Disk sp123ull
2024-05-21 17:30:48,ERROR: Failed to load module
2024-05-21 23:50:44,INFO: Disk space f123
2024-05-21 20:29:28,ERROR: Connection timed out
2024-05-21 23:41:11,INFO: System restarted
2024-05-21 23:14:12,INFO: Initializing process
2024-05-21 19:08:28,WARNING: Disk sp123ull
2024-05-21 17:24:40,ERROR: Initializing process
2024-05-21 14:45:47,ERROR: Failed to load module
2024-05-21 11:22:49,WARNING: System restarted
2024-05-21 22:47:06,DEBUG: System restarted
2024-05-21 21:05:39,DEBUG: System started
2024-05-21 10:28:38,WARNING: Initializing process
2024-05-21 18:48:04,ERROR: System shutting down
2024-05-21 14:08:34,WARNING: Configuration updated
2024-05-21 12:31:03,DEBUG: Process completed successfully
2024-05-21 21:09:32,ERROR: Initializing process
2024-05-21 13:16:01,INFO: System started
2024-05-21 10:21:13,WARNING: Failed to load module
2024-05-21 10:47:19,WARNING: Process completed successfully
2024-05-21 21:39:22,WARNING: Disk sp123ull
2024-05-21 17:57:07,WARNING: Connection timed out
2024-05-21 21:55:19,WARNING: System restarted
2024-05-21 14:24:24,WARNING: Configuration updated
2024-05-21 23:47:49,DEBUG: Initializing process
2024-05-21 17:55:33,WARNING: Process completed successfully
2024-05-21 13:32:53,DEBUG: Failed to load module
2024-05-21 23:06:25,ERROR: Disk space full
2024-05-21 16:56:54,ERROR: Disk sp123ull
2024-05-21 19:59:18,WARNING: Resource usage high
2024-05-21 20:42:56,WARNING: Failed to load module
2024-05-21 19:46:13,INFO: System started
2024-05-21 21:02:23,DEBUG: Disk space full
2024-05-21 22:09:00,WARNING: Disk sp123ull
2024-05-21 22:55:40,INFO: Disk sp123ull
2024-05-21 12:24:20,WARNING: Disk sp123ull
2024-05-21 15:27:05,WARNING: Disk space full
2024-05-21 17:23:27,ERROR: Initializing process
2024-05-21 13:57:03,DEBUG: Resource usage high
2024-05-21 20:05:32,DEBUG: Configuration updated
2024-05-21 13:43:08,ERROR: Disk space f123
2024-05-21 19:26:45,ERROR: Resource usage high
2024-05-21 22:09:58,DEBUG: Resource usage high
2024-05-21 12:25:12,DEBUG: Process completed successfully
2024-05-21 22:46:40,ERROR: Failed to load module
2024-05-21 11:54:29,DEBUG: Process completed successfully
2024-05-21 16:06:59,ERROR: System shutting down
2024-05-21 15:22:15,WARNING: System started
2024-05-21 18:51:58,INFO: Failed to load module
2024-05-21 10:58:20,ERROR: Process completed successfully
2024-05-21 17:50:36,WARNING: System started
2024-05-21 21:39:36,WARNING: Failed to load module
2024-05-21 11:21:10,WARNING: Process completed successfully
2024-05-21 13:16:20,DEBUG: System started
2024-05-21 11:20:42,INFO: Configuration updated
2024-05-21 20:34:46,ERROR: Resource usage high
2024-05-21 21:19:00,WARNING: System restarted
2024-05-21 10:26:59,DEBUG: Configuration updated
2024-05-21 20:26:51,WARNING: Resource usage high
2024-05-21 14:47:57,ERROR: System restarted
2024-05-21 19:35:10,ERROR: System started
2024-05-21 19:23:17,ERROR: Disk space f123
2024-05-21 14:06:21,INFO: Configuration updated
2024-05-21 11:07:19,ERROR: Configuration updated
2024-05-21 20:10:27,INFO: Disk space f123
2024-05-21 14:59:07,WARNING: System shutting down
2024-05-21 12:35:05,WARNING: Failed to load module
2024-05-21 10:35:25,ERROR: Connection timed out
2024-05-21 14:22:37,INFO: Disk sp123ull
2024-05-21 19:48:15,DEBUG: Disk sp123ull
2024-05-21 20:57:31,WARNING: Connection timed out
2024-05-21 21:32:00,INFO: System shutting down
2024-05-21 17:24:57,ERROR: Resource usage high
2024-05-21 11:09:59,WARNING: Initializing process
2024-05-21 14:44:58,ERROR: System started
2024-05-21 10:31:37,ERROR: Failed to load module
2024-05-21 12:25:44,ERROR: Configuration updated
2024-05-21 15:38:21,WARNING: System restarted
2024-05-21 19:04:21,ERROR: Initializing process
2024-05-21 13:58:50,ERROR: Resource usage high
2024-05-21 18:03:12,ERROR: Configuration updated
2024-05-21 15:53:07,WARNING: Resource usage high
2024-05-21 18:23:28,WARNING: Connection timed out
2024-05-21 16:47:24,ERROR: Disk sp123ull
2024-05-21 10:28:15,DEBUG: Process completed successfully
2024-05-21 11:57:32,WARNING: Process completed successfully
2024-05-21 11:04:24,ERROR: Disk sp123ull
2024-05-21 15:47:45,INFO: Configuration updated
2024-05-21 11:22:05,INFO: System started
2024-05-21 14:33:18,DEBUG: Resource usage high
2024-05-21 19:02:41,DEBUG: Configuration updated
2024-05-21 19:19:30,ERROR: System restarted
2024-05-21 15:04:16,ERROR: Configuration updated
2024-05-21 16:15:56,ERROR: Process completed successfully
2024-05-21 10:52:58,DEBUG: Connection timed out
2024-05-21 18:32:03,ERROR: Failed to load module
2024-05-21 16:05:56,DEBUG: Configuration updated
2024-05-21 12:56:54,WARNING: Connection timed out
2024-05-21 15:18:04,ERROR: Resource usage high
2024-05-21 18:03:18,ERROR: System shutting down
2024-05-21 13:15:30,INFO: Process completed successfully
2024-05-21 13:02:10,DEBUG: System restarted
2024-05-21 17:04:29,ERROR: Disk sp123ull
2024-05-21 14:47:37,ERROR: Failed to load module
2024-05-21 21:43:03,DEBUG: System shutting down
2024-05-21 20:18:07,INFO: Initializing process
2024-05-21 19:20:45,DEBUG: Resource usage high
2024-05-21 14:56:18,INFO: Process completed successfully
2024-05-21 17:57:15,WARNING: Failed to load module
2024-05-21 19:12:52,WARNING: System shutting down
2024-05-21 14:20:09,DEBUG: System shutting down
2024-05-21 14:26:15,DEBUG: System shutting down
2024-05-21 21:04:39,ERROR: Configuration updated
2024-05-21 10:08:01,ERROR: Disk space full
2024-05-21 20:19:18,DEBUG: Resource usage high
2024-05-21 21:00:27,ERROR: Disk sp123ull
2024-05-21 17:29:48,WARNING: Disk space full
2024-05-21 10:57:49,ERROR: Process completed successfully
2024-05-21 22:34:41,DEBUG: Configuration updated
2024-05-21 19:46:49,WARNING: Disk sp123ull
2024-05-21 10:17:31,WARNING: Initializing process
2024-05-21 20:58:50,DEBUG: Process completed successfully
2024-05-21 18:03:25,WARNING: Disk sp123ull
2024-05-21 12:38:12,ERROR: Disk sp123ull
2024-05-21 18:49:06,DEBUG: Resource usage high
2024-05-21 12:59:46,ERROR: Connection timed out
2024-05-21 18:14:18,DEBUG: System restarted
2024-05-21 11:18:48,ERROR: Initializing process
2024-05-21 13:32:12,INFO: Failed to load module
2024-05-21 10:28:50,WARNING: Configuration updated
2024-05-21 21:02:20,DEBUG: Disk sp123ull
2024-05-21 16:12:15,INFO: Initializing process
2024-05-21 18:05:48,INFO: System started
2024-05-21 21:47:29,WARNING: Configuration updated
2024-05-21 14:51:47,ERROR: Connection timed out
2024-05-21 14:26:18,ERROR: Failed to load module
2024-05-21 17:27:20,INFO: Failed to load module
2024-05-21 20:28:14,INFO: System started
2024-05-21 22:41:47,WARNING: Configuration updated
2024-05-21 18:49:53,DEBUG: Disk sp123ull
2024-05-21 17:59:34,INFO: Connection timed out
2024-05-21 19:57:23,INFO: Connection timed out
2024-05-21 20:43:47,WARNING: System restarted
2024-05-21 21:08:30,DEBUG: Failed to load module
2024-05-21 15:33:16,DEBUG: Process completed successfully
2024-05-21 10:02:02,WARNING: Initializing process
2024-05-21 14:29:00,INFO: Resource usage high
2024-05-21 20:10:26,INFO: Connection timed out
2024-05-21 23:32:58,WARNING: System started
2024-05-21 19:46:35,INFO: System started
2024-05-21 13:03:52,WARNING: Resource usage high
2024-05-21 19:50:24,DEBUG: Disk space f123
2024-05-21 21:40:53,WARNING: Connection timed out
2024-05-21 13:13:08,ERROR: System shutting down
2024-05-21 18:05:58,DEBUG: System shutting down
2024-05-21 18:26:05,ERROR: Configuration updated
2024-05-21 16:12:11,DEBUG: Failed to load module
2024-05-21 13:49:55,DEBUG: Disk space f123
2024-05-21 16:12:55,INFO: Disk sp123ull
2024-05-21 16:41:39,WARNING: System started
2024-05-21 16:29:41,WARNING: Disk space full
2024-05-21 21:20:26,ERROR: System restarted
2024-05-21 12:35:29,ERROR: System started
2024-05-21 18:45:06,WARNING: Connection timed out
2024-05-21 17:10:18,WARNING: Connection timed out
2024-05-21 14:29:10,WARNING: Process completed successfully
2024-05-21 21:04:00,WARNING: System started
2024-05-21 13:18:41,WARNING: Initializing process
2024-05-21 23:04:51,DEBUG: Failed to load module
2024-05-21 16:51:49,ERROR: Failed to load module
2024-05-21 18:28:00,INFO: Configuration updated
2024-05-21 17:40:41,ERROR: System shutting down
2024-05-21 11:38:23,DEBUG: System started
2024-05-21 17:20:00,INFO: System shutting down
2024-05-21 16:50:00,DEBUG: System shutting down
2024-05-21 22:30:35,WARNING: Connection timed out
2024-05-21 13:48:28,DEBUG: Disk space full
2024-05-21 15:08:35,ERROR: System restarted
2024-05-21 15:38:38,WARNING: Process completed successfully
2024-05-21 22:10:18,DEBUG: System started
2024-05-21 14:36:29,ERROR: System shutting down
2024-05-21 13:07:05,DEBUG: Connection timed out
2024-05-21 20:25:58,WARNING: System shutting down
2024-05-21 22:46:33,INFO: Process completed successfully
2024-05-21 10:58:18,DEBUG: Process completed successfully
2024-05-21 16:47:49,ERROR: System shutting down
2024-05-21 11:30:13,DEBUG: Connection timed out
2024-05-21 22:11:49,DEBUG: Initializing process
2024-05-21 13:10:22,DEBUG: Process completed successfully
2024-05-21 19:19:33,DEBUG: Connection timed out
2024-05-21 14:52:38,INFO: Connection timed out
2024-05-21 14:23:15,DEBUG: System restarted
2024-05-21 20:20:23,DEBUG: System restarted
2024-05-21 10:46:46,INFO: Process completed successfully
2024-05-21 15:59:32,ERROR: System restarted
2024-05-21 15:07:44,DEBUG: System shutting down
2024-05-21 16:53:35,DEBUG: Disk space f123
2024-05-21 11:46:48,INFO: Disk space f123
2024-05-21 10:38:40,WARNING: Disk space f123
2024-05-21 16:56:02,INFO: Disk space full
2024-05-21 11:11:18,DEBUG: Failed to load module
2024-05-21 23:10:14,WARNING: Failed to load module
2024-05-21 22:08:00,WARNING: Process completed successfully
2024-05-21 18:05:25,ERROR: Disk space f123
2024-05-21 11:13:06,DEBUG: Initializing process
2024-05-21 14:10:19,DEBUG: Disk space f123
2024-05-21 15:23:46,INFO: Initializing process
2024-05-21 18:34:00,INFO: Disk sp123ull
2024-05-21 10:21:38,WARNING: Connection timed out
2024-05-21 18:25:50,ERROR: Disk space f123
2024-05-21 13:03:11,ERROR: Disk space f123
2024-05-21 14:22:44,WARNING: Connection timed out
2024-05-21 13:46:29,WARNING: Initializing process
2024-05-21 17:27:56,WARNING: Resource usage high
2024-05-21 13:24:37,DEBUG: System shutting down
2024-05-21 20:09:54,ERROR: System restarted
2024-05-21 21:18:56,INFO: Failed to load module
2024-05-21 18:12:42,DEBUG: System restarted
2024-05-21 17:18:58,WARNING: Initializing process
2024-05-21 15:33:40,DEBUG: System started
2024-05-21 18:45:40,INFO: Disk sp123ull
2024-05-21 14:21:16,DEBUG: Disk space f123
2024-05-21 18:20:25,INFO: Resource usage high
2024-05-21 15:58:48,INFO: System shutting down
2024-05-21 19:48:46,INFO: Process completed successfully
2024-05-21 20:04:43,DEBUG: System started
2024-05-21 10:29:05,WARNING: System shutting down
2024-05-21 11:06:56,INFO: Failed to load module
2024-05-21 23:55:19,WARNING: System shutting down
2024-05-21 12:49:25,WARNING: System restarted
2024-05-21 19:22:27,INFO: Disk space full
